<?xml version="1.0" encoding="UTF-8"?>
<!-- Generated by org.testng.reporters.JUnitReportReporter -->
<testsuite hostname="Lenovo" failures="0" tests="2" name="com.qa.testscripts.Testcase002" time="61.079" errors="0" timestamp="2022-12-08T15:12:15 IST" skipped="0">
  <testcase classname="com.qa.testscripts.Testcase002" name="Search" time="35.067"/>
  <system-out/>
  <testcase classname="com.qa.testscripts.Testcase002" name="Search" time="26.012"/>
  <system-out/>
</testsuite> <!-- com.qa.testscripts.Testcase002 -->
